<?xml version="1.0" encoding="UTF-8"?>
<testsuite xmlns:xsi="http://www.w3.org/2001/XMLSchema-instance" xsi:noNamespaceSchemaLocation="https://maven.apache.org/surefire/maven-surefire-plugin/xsd/surefire-test-report.xsd" name="ru.ivanio.tpo.tests.SignInPageTest" time="10.727" tests="1" errors="1" skipped="0" failures="0">
  <properties>
[...]
</properties>
  <testcase name="wrongEmail{WebDriver}[1]" classname="ru.ivanio.tpo.tests.SignInPageTest" time="9.48">
    <error message="Expected condition failed: waiting for ru.ivanio.tpo.pages.Page$$Lambda$627/0x000000a8011d88c0@4e858e0a (tried for 5 second(s) with 500 milliseconds interval)" type="org.openqa.selenium.TimeoutException">org.openqa.selenium.TimeoutException: Expected condition failed: waiting for ru.ivanio.tpo.pages.Page$$Lambda$627/0x000000a8011d88c0@4e858e0a (tried for 5 second(s) with 500 milliseconds interval)
	at ru.ivanio.tpo.tests.SignInPageTest.preparePages(SignInPageTest.java:26)
Caused by: org.openqa.selenium.NoSuchElementException: 
Unable to locate element: //*[@data-qa="login"]
For documentation on this error, please visit: https://www.seleniumhq.org/exceptions/no_such_element.html
Build info: version: '3.141.59', revision: 'e82be7d358', time: '2018-11-14T08:17:03'
System info: host: 'admins-Air-2.HomeLAN', ip: 'fe80:0:0:0:96:2cfb:3027:715%en0', os.name: 'Mac OS X', os.arch: 'aarch64', os.version: '14.4.1', java.version: '17.0.10'
Driver info: org.openqa.selenium.firefox.FirefoxDriver
Capabilities {acceptInsecureCerts: false, browserName: firefox, browserVersion: 124.0.2, javascriptEnabled: true, moz:accessibilityChecks: false, moz:buildID: 20240401114208, moz:geckodriverVersion: 0.34.0, moz:headless: false, moz:platformVersion: 23.4.0, moz:processID: 45860, moz:profile: /var/folders/pf/v1c2t1hs6y9..., moz:shutdownTimeout: 60000, moz:webdriverClick: true, moz:windowless: false, pageLoadStrategy: normal, platform: MAC, platformName: MAC, proxy: Proxy(), setWindowRect: true, strictFileInteractability: false, timeouts: {implicit: 0, pageLoad: 300000, script: 30000}, unhandledPromptBehavior: dismiss and notify}
Session ID: 7216f6c0-8cf5-4db2-98d5-80d753371f1f
*** Element info: {Using=xpath, value=//*[@data-qa="login"]}
	at ru.ivanio.tpo.tests.SignInPageTest.preparePages(SignInPageTest.java:26)
</error>
    <system-err><![CDATA[1712411969756	geckodriver	INFO	Listening on 127.0.0.1:10487
1712411969815	mozrunner::runner	INFO	Running command: MOZ_CRASHREPORTER="1" MOZ_CRASHREPORTER_NO_REPORT="1" MOZ_CRASHREPORTER_SHUTDOWN="1" MOZ_NO_REMOTE="1" "/App ... "--marionette" "-foreground" "-no-remote" "-profile" "/var/folders/pf/v1c2t1hs6y93yf2hwykwfsf40000gp/T/rust_mozprofileNsheGY"
console.warn: services.settings: Ignoring preference override of remote settings server
console.warn: services.settings: Allow by setting MOZ_REMOTE_SETTINGS_DEVTOOLS=1 in the environment
1712411970044	Marionette	INFO	Marionette enabled
1712411970218	Marionette	INFO	Listening on port 52174
Read port: 52174
UNSUPPORTED (log once): POSSIBLE ISSUE: unit 1 GLD_TEXTURE_INDEX_2D is unloadable and bound to sampler type (Float) - using zero texture because texture unloadable
Apr 06, 2024 4:59:30 PM org.openqa.selenium.remote.ProtocolHandshake createSession
INFO: Detected dialect: W3C
1712411979904	Marionette	INFO	Stopped listening on port 52174
]]></system-err>
  </testcase>
</testsuite>